0 info it worked if it ends with ok
1 verbose cli [ 'C:\\Program Files\\nodejs\\node.exe',
1 verbose cli   'C:\\Users\\Fukue\\AppData\\Roaming\\npm\\node_modules\\npm\\bin\\npm-cli.js',
1 verbose cli   'run',
1 verbose cli   'start' ]
2 info using npm@4.1.1
3 info using node@v6.9.4
4 verbose run-script [ 'prestart', 'start', 'poststart' ]
5 info lifecycle angular2-aot-webpack@1.0.0~prestart: angular2-aot-webpack@1.0.0
6 silly lifecycle angular2-aot-webpack@1.0.0~prestart: no script for prestart, continuing
7 info lifecycle angular2-aot-webpack@1.0.0~start: angular2-aot-webpack@1.0.0
8 verbose lifecycle angular2-aot-webpack@1.0.0~start: unsafe-perm in lifecycle true
9 verbose lifecycle angular2-aot-webpack@1.0.0~start: PATH: C:\Users\Fukue\AppData\Roaming\npm\node_modules\npm\bin\node-gyp-bin;E:\git\angular2-aot-webpack\node_modules\.bin;C:\Program Files\Docker\Docker\Resources\bin;C:\Program Files\Broadcom\Broadcom 802.11;;C:\ProgramData\Oracle\Java\javapath;C:\Program Files (x86)\Intel\iCLS Client\;C:\Program Files\Intel\iCLS Client\;C:\WINDOWS\system32;C:\WINDOWS;C:\WINDOWS\System32\Wbem;C:\WINDOWS\System32\WindowsPowerShell\v1.0\;C:\Program Files\Intel\Intel(R) Management Engine Components\DAL;C:\Program Files (x86)\Intel\Intel(R) Management Engine Components\DAL;C:\Program Files\Intel\Intel(R) Management Engine Components\IPT;C:\Program Files (x86)\Intel\Intel(R) Management Engine Components\IPT;C:\Program Files\Hewlett-Packard\SimplePass\;C:\Program Files (x86)\Kensington\TrackballWorks;C:\Program Files\TortoiseSVN\bin;C:\Program Files (x86)\Microsoft ASP.NET\ASP.NET Web Pages\v1.0\;C:\Program Files\Microsoft SQL Server\110\Tools\Binn\;C:\Program Files\Microsoft\Web Platform Installer\;C:\Program Files\Amazon\AWSCLI\;C:\Program Files (x86)\Heroku\bin;C:\Program Files (x86)\git\cmd;C:\Users\Fukue\.dnx\bin;C:\Program Files\Microsoft DNX\Dnvm\;C:\Program Files (x86)\Microsoft SQL Server\100\Tools\Binn\;C:\Program Files\Microsoft SQL Server\100\Tools\Binn\;C:\Program Files\Microsoft SQL Server\100\DTS\Binn\;C:\Program Files (x86)\Skype\Phone\;C:\Program Files\Microsoft SQL Server\120\Tools\Binn\;C:\Program Files (x86)\Windows Kits\10\Windows Performance Toolkit\;C:\Program Files\Git\cmd;C:\ProgramData\chocolatey\bin;C:\Program Files\nodejs\;C:\Program Files (x86)\Google\Google Apps Sync\;C:\Program Files (x86)\Google\Google Apps Migration\;C:\WINDOWS\system32;C:\WINDOWS;C:\WINDOWS\System32\Wbem;C:\WINDOWS\System32\WindowsPowerShell\v1.0\;C:\Program Files (x86)\NVIDIA Corporation\PhysX\Common;C:\Ruby22-x64\bin;C:\Users\Fukue\AppData\Local\atom\bin;C:\Users\Fukue\AppData\Roaming\npm;C:\Program Files (x86)\Microsoft VS Code\bin;C:\Program Files\Docker Toolbox;E:\cloud66\cx_0.1.37_windows_amd64;C:\Users\Fukue\AppData\Local\Microsoft\WindowsApps;
10 verbose lifecycle angular2-aot-webpack@1.0.0~start: CWD: E:\git\angular2-aot-webpack
11 silly lifecycle angular2-aot-webpack@1.0.0~start: Args: [ '/d /s /c',
11 silly lifecycle   'npm run ngc && concurrently -r "webpack-dev-server" "node ./bin/ngc-watch.js"' ]
12 silly lifecycle angular2-aot-webpack@1.0.0~start: Returned: code: 1  signal: null
13 info lifecycle angular2-aot-webpack@1.0.0~start: Failed to exec start script
14 verbose stack Error: angular2-aot-webpack@1.0.0 start: `npm run ngc && concurrently -r "webpack-dev-server" "node ./bin/ngc-watch.js"`
14 verbose stack Exit status 1
14 verbose stack     at EventEmitter.<anonymous> (C:\Users\Fukue\AppData\Roaming\npm\node_modules\npm\lib\utils\lifecycle.js:279:16)
14 verbose stack     at emitTwo (events.js:106:13)
14 verbose stack     at EventEmitter.emit (events.js:191:7)
14 verbose stack     at ChildProcess.<anonymous> (C:\Users\Fukue\AppData\Roaming\npm\node_modules\npm\lib\utils\spawn.js:40:14)
14 verbose stack     at emitTwo (events.js:106:13)
14 verbose stack     at ChildProcess.emit (events.js:191:7)
14 verbose stack     at maybeClose (internal/child_process.js:877:16)
14 verbose stack     at Process.ChildProcess._handle.onexit (internal/child_process.js:226:5)
15 verbose pkgid angular2-aot-webpack@1.0.0
16 verbose cwd E:\git\angular2-aot-webpack
17 error Windows_NT 10.0.14393
18 error argv "C:\\Program Files\\nodejs\\node.exe" "C:\\Users\\Fukue\\AppData\\Roaming\\npm\\node_modules\\npm\\bin\\npm-cli.js" "run" "start"
19 error node v6.9.4
20 error npm  v4.1.1
21 error code ELIFECYCLE
22 error angular2-aot-webpack@1.0.0 start: `npm run ngc && concurrently -r "webpack-dev-server" "node ./bin/ngc-watch.js"`
22 error Exit status 1
23 error Failed at the angular2-aot-webpack@1.0.0 start script 'npm run ngc && concurrently -r "webpack-dev-server" "node ./bin/ngc-watch.js"'.
23 error Make sure you have the latest version of node.js and npm installed.
23 error If you do, this is most likely a problem with the angular2-aot-webpack package,
23 error not with npm itself.
23 error Tell the author that this fails on your system:
23 error     npm run ngc && concurrently -r "webpack-dev-server" "node ./bin/ngc-watch.js"
23 error You can get information on how to open an issue for this project with:
23 error     npm bugs angular2-aot-webpack
23 error Or if that isn't available, you can get their info via:
23 error     npm owner ls angular2-aot-webpack
23 error There is likely additional logging output above.
24 verbose exit [ 1, true ]
